# JRE version: Java(TM) SE Runtime Environment (8.0_101-b13) (build 1.8.0_101-b13)
# Java VM: Java HotSpot(TM) Client VM (25.101-b13 mixed mode, sharing windows-x86 )
Heap:
 def new generation   total 4928K, used 4798K [0x04800000, 0x04d50000, 0x09d50000)
  eden space 4416K,  97% used [0x04800000, 0x04c2f9f8, 0x04c50000)
  from space 512K, 100% used [0x04cd0000, 0x04d50000, 0x04d50000)
  to   space 512K,   0% used [0x04c50000, 0x04c50000, 0x04cd0000)
 tenured generation   total 10944K, used 10735K [0x09d50000, 0x0a800000, 0x14800000)
   the space 10944K,  98% used [0x09d50000, 0x0a7cbdd0, 0x0a7cbe00, 0x0a800000)
 Metaspace       used 8413K, capacity 9822K, committed 9856K, reserved 10624K
GC Heap History (10 events):
Event: 34.330 GC heap before
{Heap before GC invocations=10 (full 0):
 def new generation   total 4928K, used 4504K [0x04800000, 0x04d50000, 0x09d50000)
  eden space 4416K, 100% used [0x04800000, 0x04c50000, 0x04c50000)
  from space 512K,  17% used [0x04c50000, 0x04c663a8, 0x04cd0000)
  to   space 512K,   0% used [0x04cd0000, 0x04cd0000, 0x04d50000)
 tenured generation   total 10944K, used 9774K [0x09d50000, 0x0a800000, 0x14800000)
   the space 10944K,  89% used [0x09d50000, 0x0a6db978, 0x0a6dba00, 0x0a800000)
 Metaspace       used 8186K, capacity 9598K, committed 9600K, reserved 9600K
Event: 34.332 GC heap after
Heap after GC invocations=11 (full 0):
 def new generation   total 4928K, used 376K [0x04800000, 0x04d50000, 0x09d50000)
  eden space 4416K,   0% used [0x04800000, 0x04800000, 0x04c50000)
  from space 512K,  73% used [0x04cd0000, 0x04d2e0e8, 0x04d50000)
  to   space 512K,   0% used [0x04c50000, 0x04c50000, 0x04cd0000)
 tenured generation   total 10944K, used 9774K [0x09d50000, 0x0a800000, 0x14800000)
   the space 10944K,  89% used [0x09d50000, 0x0a6db978, 0x0a6dba00, 0x0a800000)
 Metaspace       used 8186K, capacity 9598K, committed 9600K, reserved 9600K
}
Event: 43.579 GC heap before
{Heap before GC invocations=11 (full 0):
 def new generation   total 4928K, used 4792K [0x04800000, 0x04d50000, 0x09d50000)
  eden space 4416K, 100% used [0x04800000, 0x04c50000, 0x04c50000)
  from space 512K,  73% used [0x04cd0000, 0x04d2e100, 0x04d50000)
  to   space 512K,   0% used [0x04c50000, 0x04c50000, 0x04cd0000)
 tenured generation   total 10944K, used 9774K [0x09d50000, 0x0a800000, 0x14800000)
   the space 10944K,  89% used [0x09d50000, 0x0a6db978, 0x0a6dba00, 0x0a800000)
 Metaspace       used 8188K, capacity 9598K, committed 9600K, reserved 9600K
Event: 43.582 GC heap after
Heap after GC invocations=12 (full 0):
 def new generation   total 4928K, used 214K [0x04800000, 0x04d50000, 0x09d50000)
  eden space 4416K,   0% used [0x04800000, 0x04800000, 0x04c50000)
  from space 512K,  41% used [0x04c50000, 0x04c85bf8, 0x04cd0000)
  to   space 512K,   0% used [0x04cd0000, 0x04cd0000, 0x04d50000)
 tenured generation   total 10944K, used 10097K [0x09d50000, 0x0a800000, 0x14800000)
   the space 10944K,  92% used [0x09d50000, 0x0a72c570, 0x0a72c600, 0x0a800000)
 Metaspace       used 8188K, capacity 9598K, committed 9600K, reserved 9600K
}
Event: 122.290 GC heap before
{Heap before GC invocations=12 (full 0):
 def new generation   total 4928K, used 4630K [0x04800000, 0x04d50000, 0x09d50000)
  eden space 4416K, 100% used [0x04800000, 0x04c50000, 0x04c50000)
  from space 512K,  41% used [0x04c50000, 0x04c85bf8, 0x04cd0000)
  to   space 512K,   0% used [0x04cd0000, 0x04cd0000, 0x04d50000)
 tenured generation   total 10944K, used 10097K [0x09d50000, 0x0a800000, 0x14800000)
   the space 10944K,  92% used [0x09d50000, 0x0a72c570, 0x0a72c600, 0x0a800000)
 Metaspace       used 8188K, capacity 9598K, committed 9600K, reserved 9600K
Event: 122.292 GC heap after
Heap after GC invocations=13 (full 0):
 def new generation   total 4928K, used 359K [0x04800000, 0x04d50000, 0x09d50000)
  eden space 4416K,   0% used [0x04800000, 0x04800000, 0x04c50000)
  from space 512K,  70% used [0x04cd0000, 0x04d29f88, 0x04d50000)
  to   space 512K,   0% used [0x04c50000, 0x04c50000, 0x04cd0000)
 tenured generation   total 10944K, used 10097K [0x09d50000, 0x0a800000, 0x14800000)
   the space 10944K,  92% used [0x09d50000, 0x0a72c570, 0x0a72c600, 0x0a800000)
 Metaspace       used 8188K, capacity 9598K, committed 9600K, reserved 9600K
}
Event: 134.422 GC heap before
{Heap before GC invocations=13 (full 0):
 def new generation   total 4928K, used 4775K [0x04800000, 0x04d50000, 0x09d50000)
  eden space 4416K, 100% used [0x04800000, 0x04c50000, 0x04c50000)
  from space 512K,  70% used [0x04cd0000, 0x04d29f88, 0x04d50000)
  to   space 512K,   0% used [0x04c50000, 0x04c50000, 0x04cd0000)
 tenured generation   total 10944K, used 10097K [0x09d50000, 0x0a800000, 0x14800000)
   the space 10944K,  92% used [0x09d50000, 0x0a72c570, 0x0a72c600, 0x0a800000)
 Metaspace       used 8188K, capacity 9598K, committed 9600K, reserved 9600K
Event: 134.424 GC heap after
Heap after GC invocations=14 (full 0):
 def new generation   total 4928K, used 270K [0x04800000, 0x04d50000, 0x09d50000)
  eden space 4416K,   0% used [0x04800000, 0x04800000, 0x04c50000)
  from space 512K,  52% used [0x04c50000, 0x04c93868, 0x04cd0000)
  to   space 512K,   0% used [0x04cd0000, 0x04cd0000, 0x04d50000)
 tenured generation   total 10944K, used 10267K [0x09d50000, 0x0a800000, 0x14800000)
   the space 10944K,  93% used [0x09d50000, 0x0a756e78, 0x0a757000, 0x0a800000)
 Metaspace       used 8188K, capacity 9598K, committed 9600K, reserved 9600K
}
Event: 141.043 GC heap before
{Heap before GC invocations=14 (full 0):
 def new generation   total 4928K, used 4686K [0x04800000, 0x04d50000, 0x09d50000)
  eden space 4416K, 100% used [0x04800000, 0x04c50000, 0x04c50000)
  from space 512K,  52% used [0x04c50000, 0x04c93868, 0x04cd0000)
  to   space 512K,   0% used [0x04cd0000, 0x04cd0000, 0x04d50000)
 tenured generation   total 10944K, used 10267K [0x09d50000, 0x0a800000, 0x14800000)
   the space 10944K,  93% used [0x09d50000, 0x0a756e78, 0x0a757000, 0x0a800000)
 Metaspace       used 8197K, capacity 9598K, committed 9600K, reserved 9600K
Event: 141.046 GC heap after
Heap after GC invocations=15 (full 0):
 def new generation   total 4928K, used 512K [0x04800000, 0x04d50000, 0x09d50000)
  eden space 4416K,   0% used [0x04800000, 0x04800000, 0x04c50000)
  from space 512K, 100% used [0x04cd0000, 0x04d50000, 0x04d50000)
  to   space 512K,   0% used [0x04c50000, 0x04c50000, 0x04cd0000)
 tenured generation   total 10944K, used 10735K [0x09d50000, 0x0a800000, 0x14800000)
   the space 10944K,  98% used [0x09d50000, 0x0a7cbdd0, 0x0a7cbe00, 0x0a800000)
 Metaspace       used 8197K, capacity 9598K, committed 9600K, reserved 9600K
}

